<?xml version="1.0" encoding="UTF-8"?>
<!-- Generated by org.testng.reporters.JUnitXMLReporter -->
<testsuite hostname="Nidhi" name="Ylogo_demo1" tests="4" failures="1" timestamp="18 Sep 2020 15:47:02 GMT" time="35.661" errors="0">
  <testcase name="login_ylogo_DDT" time="7.935" classname="com.ylogo.testcases.TC02_Login_ylogo_DDT"/>
  <testcase name="login_ylogo_DDT" time="8.691" classname="com.ylogo.testcases.TC02_Login_ylogo_DDT"/>
  <testcase name="login_ylogo_DDT" time="6.677" classname="com.ylogo.testcases.TC02_Login_ylogo_DDT"/>
  <testcase name="login_ylogo_DDT" time="0.056" classname="com.ylogo.testcases.TC02_Login_ylogo_DDT">
    <failure type="java.lang.IllegalArgumentException" message="Keys to send should be a not null CharSequence">
      <![CDATA[java.lang.IllegalArgumentException: Keys to send should be a not null CharSequence
	at org.openqa.selenium.remote.RemoteWebElement.sendKeys(RemoteWebElement.java:97)
	at org.openqa.selenium.support.pagefactory.internal.LocatingElementHandler.invoke(LocatingElementHandler.java:51)
	at com.sun.proxy.$Proxy10.sendKeys(Unknown Source)
	at com.ylogo.pages.Login_Page_ylogo.setUsername(Login_Page_ylogo.java:37)
	at com.ylogo.testcases.TC02_Login_ylogo_DDT.login_ylogo_DDT(TC02_Login_ylogo_DDT.java:24)
	at java.util.concurrent.ThreadPoolExecutor.runWorker(Unknown Source)
	at java.util.concurrent.ThreadPoolExecutor$Worker.run(Unknown Source)
	at java.lang.Thread.run(Unknown Source)
... Removed 14 stack frames]]>
    </failure>
  </testcase> <!-- login_ylogo_DDT -->
</testsuite> <!-- Ylogo_demo1 -->
