<?xml version="1.0" encoding="UTF-8"?>
<testng-results skipped="0" failed="1" total="4" passed="3">
  <reporter-output>
  </reporter-output>
  <suite name="YourLogo_Framework" duration-ms="35661" started-at="2020-09-18T15:46:27Z" finished-at="2020-09-18T15:47:02Z">
    <groups>
    </groups>
    <test name="Ylogo_demo1" duration-ms="35661" started-at="2020-09-18T15:46:27Z" finished-at="2020-09-18T15:47:02Z">
      <class name="com.ylogo.testcases.TC02_Login_ylogo_DDT">
        <test-method status="PASS" signature="Setup(java.lang.String)[pri:0, instance:com.ylogo.testcases.TC02_Login_ylogo_DDT@3f1134]" name="Setup" is-config="true" duration-ms="10229" started-at="2020-09-18T21:16:27Z" finished-at="2020-09-18T21:16:37Z">
          <params>
            <param index="0">
              <value>
                <![CDATA[chrome]]>
              </value>
            </param>
          </params>
          <reporter-output>
          </reporter-output>
        </test-method> <!-- Setup -->
        <test-method status="PASS" signature="login_ylogo_DDT(java.lang.String, java.lang.String)[pri:0, instance:com.ylogo.testcases.TC02_Login_ylogo_DDT@3f1134]" name="login_ylogo_DDT" duration-ms="7935" started-at="2020-09-18T21:16:39Z" data-provider="ylogo_DDT" finished-at="2020-09-18T21:16:47Z">
          <params>
            <param index="0">
              <value>
                <![CDATA[admin]]>
              </value>
            </param>
            <param index="1">
              <value>
                <![CDATA[admin@123]]>
              </value>
            </param>
          </params>
          <reporter-output>
          </reporter-output>
        </test-method> <!-- login_ylogo_DDT -->
        <test-method status="PASS" signature="login_ylogo_DDT(java.lang.String, java.lang.String)[pri:0, instance:com.ylogo.testcases.TC02_Login_ylogo_DDT@3f1134]" name="login_ylogo_DDT" duration-ms="8691" started-at="2020-09-18T21:16:47Z" data-provider="ylogo_DDT" finished-at="2020-09-18T21:16:55Z">
          <params>
            <param index="0">
              <value>
                <![CDATA[arush25]]>
              </value>
            </param>
            <param index="1">
              <value>
                <![CDATA[admin@123]]>
              </value>
            </param>
          </params>
          <reporter-output>
          </reporter-output>
        </test-method> <!-- login_ylogo_DDT -->
        <test-method status="PASS" signature="login_ylogo_DDT(java.lang.String, java.lang.String)[pri:0, instance:com.ylogo.testcases.TC02_Login_ylogo_DDT@3f1134]" name="login_ylogo_DDT" duration-ms="6677" started-at="2020-09-18T21:16:55Z" data-provider="ylogo_DDT" finished-at="2020-09-18T21:17:02Z">
          <params>
            <param index="0">
              <value>
                <![CDATA[pulkitrudra007@gmail.com]]>
              </value>
            </param>
            <param index="1">
              <value>
                <![CDATA[Visa@1990]]>
              </value>
            </param>
          </params>
          <reporter-output>
          </reporter-output>
        </test-method> <!-- login_ylogo_DDT -->
        <test-method status="FAIL" signature="login_ylogo_DDT(java.lang.String, java.lang.String)[pri:0, instance:com.ylogo.testcases.TC02_Login_ylogo_DDT@3f1134]" name="login_ylogo_DDT" duration-ms="56" started-at="2020-09-18T21:17:02Z" data-provider="ylogo_DDT" finished-at="2020-09-18T21:17:02Z">
          <params>
            <param index="0">
              <value is-null="true"/>
            </param>
            <param index="1">
              <value is-null="true"/>
            </param>
          </params>
          <exception class="java.lang.IllegalArgumentException">
            <message>
              <![CDATA[Keys to send should be a not null CharSequence]]>
            </message>
            <full-stacktrace>
              <![CDATA[java.lang.IllegalArgumentException: Keys to send should be a not null CharSequence
	at org.openqa.selenium.remote.RemoteWebElement.sendKeys(RemoteWebElement.java:97)
	at sun.reflect.NativeMethodAccessorImpl.invoke0(Native Method)
	at sun.reflect.NativeMethodAccessorImpl.invoke(Unknown Source)
	at sun.reflect.DelegatingMethodAccessorImpl.invoke(Unknown Source)
	at java.lang.reflect.Method.invoke(Unknown Source)
	at org.openqa.selenium.support.pagefactory.internal.LocatingElementHandler.invoke(LocatingElementHandler.java:51)
	at com.sun.proxy.$Proxy10.sendKeys(Unknown Source)
	at com.ylogo.pages.Login_Page_ylogo.setUsername(Login_Page_ylogo.java:37)
	at com.ylogo.testcases.TC02_Login_ylogo_DDT.login_ylogo_DDT(TC02_Login_ylogo_DDT.java:24)
	at sun.reflect.NativeMethodAccessorImpl.invoke0(Native Method)
	at sun.reflect.NativeMethodAccessorImpl.invoke(Unknown Source)
	at sun.reflect.DelegatingMethodAccessorImpl.invoke(Unknown Source)
	at java.lang.reflect.Method.invoke(Unknown Source)
	at org.testng.internal.MethodInvocationHelper.invokeMethod(MethodInvocationHelper.java:86)
	at org.testng.internal.Invoker.invokeMethod(Invoker.java:643)
	at org.testng.internal.Invoker.invokeTestMethod(Invoker.java:820)
	at org.testng.internal.Invoker.invokeTestMethods(Invoker.java:1128)
	at org.testng.internal.TestMethodWorker.invokeTestMethods(TestMethodWorker.java:129)
	at org.testng.internal.TestMethodWorker.run(TestMethodWorker.java:112)
	at java.util.concurrent.ThreadPoolExecutor.runWorker(Unknown Source)
	at java.util.concurrent.ThreadPoolExecutor$Worker.run(Unknown Source)
	at java.lang.Thread.run(Unknown Source)
]]>
            </full-stacktrace>
          </exception> <!-- java.lang.IllegalArgumentException -->
          <reporter-output>
          </reporter-output>
        </test-method> <!-- login_ylogo_DDT -->
      </class> <!-- com.ylogo.testcases.TC02_Login_ylogo_DDT -->
    </test> <!-- Ylogo_demo1 -->
  </suite> <!-- YourLogo_Framework -->
</testng-results>
